{"level":"\u001b[34mINFO\u001b[0m","timestamp":"2023-11-05T17:08:08.1987593+03:30","msg":"REQUESR","IP":"::1","URI":"/verify","route":"/verify","method":"GET","status":401,"user agent":"Next.js Middleware","delay":0.0017935}
{"level":"\u001b[34mINFO\u001b[0m","timestamp":"2023-11-05T17:08:08.2603395+03:30","msg":"generate - user: eed6e90a-630a-42d1-8071-f61be3414af5"}
{"level":"\u001b[34mINFO\u001b[0m","timestamp":"2023-11-05T17:08:08.2610027+03:30","msg":"generate - tokenString: eyJhbGciOiJFZERTQSIsInR5cCI6IkpXVCJ9.eyJhdWQiOiJQaW5hckZyb250ZW5kIiwiZXhwIjoxNjk5Mjc3ODg4LCJpYXQiOjE2OTkxOTE0ODgsImlzcyI6IlBpbmF0Snd0U2VydmljZSIsIm5hbWUiOiJzaW5hIGFmc2hhcm1hbmVzaCIsIm5iZiI6MTY5OTE5MTQ4OCwicm9sZSI6Im5vbmUiLCJzdWIiOiJlZWQ2ZTkwYS02MzBhLTQyZDEtODA3MS1mNjFiZTM0MTRhZjUifQ.dEfQr-Gxm2OKR9KLhJU4Lmi9Kcx2GWngP1BCGe25lcyV9jK5mocaO51x8oOE54y_Nk323oHywnmKqNhbrm6WBg"}
{"level":"\u001b[34mINFO\u001b[0m","timestamp":"2023-11-05T17:08:08.2615715+03:30","msg":"REQUESR","IP":"::1","URI":"/generate","route":"/generate","method":"POST","status":200,"user agent":"Go-http-client/1.1","delay":0.001232}
{"level":"\u001b[34mINFO\u001b[0m","timestamp":"2023-11-05T17:08:08.2703198+03:30","msg":"REQUESR","IP":"::1","URI":"/getclaims","route":"/getclaims","method":"GET","status":400,"user agent":"node","delay":0.0006889}
{"level":"\u001b[34mINFO\u001b[0m","timestamp":"2023-11-05T17:08:08.7922987+03:30","msg":"REQUESR","IP":"::1","URI":"/verify","route":"/verify","method":"GET","status":401,"user agent":"Next.js Middleware","delay":0.0051557}
{"level":"\u001b[34mINFO\u001b[0m","timestamp":"2023-11-05T17:09:39.3287848+03:30","msg":"REQUESR","IP":"::1","URI":"/verify","route":"/verify","method":"GET","status":401,"user agent":"Next.js Middleware","delay":0.0000751}
{"level":"\u001b[34mINFO\u001b[0m","timestamp":"2023-11-05T17:09:39.3882144+03:30","msg":"generate - user: eed6e90a-630a-42d1-8071-f61be3414af5"}
{"level":"\u001b[34mINFO\u001b[0m","timestamp":"2023-11-05T17:09:39.3882144+03:30","msg":"generate - tokenString: eyJhbGciOiJFZERTQSIsInR5cCI6IkpXVCJ9.eyJhdWQiOiJQaW5hckZyb250ZW5kIiwiZXhwIjoxNjk5Mjc3OTc5LCJpYXQiOjE2OTkxOTE1NzksImlzcyI6IlBpbmF0Snd0U2VydmljZSIsIm5hbWUiOiJzaW5hIGFmc2hhcm1hbmVzaCIsIm5iZiI6MTY5OTE5MTU3OSwicm9sZSI6Im5vbmUiLCJzdWIiOiJlZWQ2ZTkwYS02MzBhLTQyZDEtODA3MS1mNjFiZTM0MTRhZjUifQ.D6muL01llnC_x0JbAPY5hH_J5t58NWbeulvsia6RJnC9zMUhFn2UdVFV0Dv15RiPk1VkIY6WAX5dXSk-XIueBA"}
{"level":"\u001b[34mINFO\u001b[0m","timestamp":"2023-11-05T17:09:39.3882144+03:30","msg":"REQUESR","IP":"::1","URI":"/generate","route":"/generate","method":"POST","status":200,"user agent":"Go-http-client/1.1","delay":0.0002065}
{"level":"\u001b[34mINFO\u001b[0m","timestamp":"2023-11-05T17:09:39.3984759+03:30","msg":"REQUESR","IP":"::1","URI":"/getclaims","route":"/getclaims","method":"GET","status":400,"user agent":"node","delay":0.0009333}
{"level":"\u001b[34mINFO\u001b[0m","timestamp":"2023-11-05T17:11:37.4142736+03:30","msg":"REQUESR","IP":"::1","URI":"/verify","route":"/verify","method":"GET","status":401,"user agent":"Next.js Middleware","delay":17.4606721}
{"level":"\u001b[34mINFO\u001b[0m","timestamp":"2023-11-05T17:14:24.1346535+03:30","msg":"REQUESR","IP":"::1","URI":"/verify","route":"/verify","method":"GET","status":401,"user agent":"Next.js Middleware","delay":6.9025445}
{"level":"\u001b[34mINFO\u001b[0m","timestamp":"2023-11-05T17:16:38.3018066+03:30","msg":"generate - user: eed6e90a-630a-42d1-8071-f61be3414af5"}
{"level":"\u001b[34mINFO\u001b[0m","timestamp":"2023-11-05T17:16:39.8939596+03:30","msg":"generate - tokenString: eyJhbGciOiJFZERTQSIsInR5cCI6IkpXVCJ9.eyJhdWQiOiJQaW5hckZyb250ZW5kIiwiZXhwIjoxNjk5Mjc4Mzk4LCJpYXQiOjE2OTkxOTE5OTgsImlzcyI6IlBpbmF0Snd0U2VydmljZSIsIm5hbWUiOiJzaW5hIGFmc2hhcm1hbmVzaCIsIm5iZiI6MTY5OTE5MTk5OCwicm9sZSI6Im5vbmUiLCJzdWIiOiJlZWQ2ZTkwYS02MzBhLTQyZDEtODA3MS1mNjFiZTM0MTRhZjUifQ.jf9rXwaMjsieVHbP2K1fGQmrJUGnh2TRZGradIieQGmCkXe-9yH2R_SqSHKKN3hH1KIW0AEGOw3bjhzSbhaxDA"}
{"level":"\u001b[34mINFO\u001b[0m","timestamp":"2023-11-05T17:16:39.8939596+03:30","msg":"REQUESR","IP":"::1","URI":"/generate","route":"/generate","method":"POST","status":200,"user agent":"Go-http-client/1.1","delay":4.1103053}
{"level":"\u001b[34mINFO\u001b[0m","timestamp":"2023-11-05T17:17:00.8229911+03:30","msg":"REQUESR","IP":"::1","URI":"/getclaims","route":"/getclaims","method":"GET","status":400,"user agent":"node","delay":18.1057029}
{"level":"\u001b[34mINFO\u001b[0m","timestamp":"2023-11-11T15:49:25.9330744+03:30","msg":"generate - user: eed6e90a-630a-42d1-8071-f61be3414af5"}
{"level":"\u001b[34mINFO\u001b[0m","timestamp":"2023-11-11T15:49:25.933591+03:30","msg":"generate - tokenString: eyJhbGciOiJFZERTQSIsInR5cCI6IkpXVCJ9.eyJhdWQiOiJQaW5hckZyb250ZW5kIiwiZXhwIjoxNjk5NzkxNTY1LCJpYXQiOjE2OTk3MDUxNjUsImlzcyI6IlBpbmF0Snd0U2VydmljZSIsIm5hbWUiOiJzaW5hIGFmc2hhcm1hbmVzaCIsIm5iZiI6MTY5OTcwNTE2NSwicm9sZSI6Im5vbmUiLCJzdWIiOiJlZWQ2ZTkwYS02MzBhLTQyZDEtODA3MS1mNjFiZTM0MTRhZjUifQ.U_qn56BxCGzwoACrJD-zjtxnc-OuYByCVnx3Xv2q3BEe48KrwDkg6lb4o7PK6oudF_wV7n4kWC0UxHfZD2bsAg"}
{"level":"\u001b[34mINFO\u001b[0m","timestamp":"2023-11-11T15:49:25.9341128+03:30","msg":"REQUESR","IP":"::1","URI":"/generate","route":"/generate","method":"POST","status":200,"user agent":"Go-http-client/1.1","delay":0.0016024}
{"level":"\u001b[34mINFO\u001b[0m","timestamp":"2023-11-11T15:49:26.4792688+03:30","msg":"REQUESR","IP":"::1","URI":"/verify","route":"/verify","method":"GET","status":401,"user agent":"Next.js Middleware","delay":0.0016625}
{"level":"\u001b[34mINFO\u001b[0m","timestamp":"2023-11-11T15:49:26.50667+03:30","msg":"REQUESR","IP":"::1","URI":"/verify","route":"/verify","method":"GET","status":401,"user agent":"Next.js Middleware","delay":0.0003344}
{"level":"\u001b[34mINFO\u001b[0m","timestamp":"2023-11-11T15:50:05.5829642+03:30","msg":"REQUESR","IP":"::1","URI":"/verify","route":"/verify","method":"GET","status":401,"user agent":"Next.js Middleware","delay":0.0006208}
{"level":"\u001b[34mINFO\u001b[0m","timestamp":"2023-11-11T15:50:10.733046+03:30","msg":"REQUESR","IP":"::1","URI":"/verify","route":"/verify","method":"GET","status":401,"user agent":"Next.js Middleware","delay":0}
{"level":"\u001b[34mINFO\u001b[0m","timestamp":"2023-11-11T15:50:10.8141751+03:30","msg":"generate - user: eed6e90a-630a-42d1-8071-f61be3414af5"}
{"level":"\u001b[34mINFO\u001b[0m","timestamp":"2023-11-11T15:50:10.8141751+03:30","msg":"generate - tokenString: eyJhbGciOiJFZERTQSIsInR5cCI6IkpXVCJ9.eyJhdWQiOiJQaW5hckZyb250ZW5kIiwiZXhwIjoxNjk5NzkxNjEwLCJpYXQiOjE2OTk3MDUyMTAsImlzcyI6IlBpbmF0Snd0U2VydmljZSIsIm5hbWUiOiJzaW5hIGFmc2hhcm1hbmVzaCIsIm5iZiI6MTY5OTcwNTIxMCwicm9sZSI6Im5vbmUiLCJzdWIiOiJlZWQ2ZTkwYS02MzBhLTQyZDEtODA3MS1mNjFiZTM0MTRhZjUifQ.LxxK66RIUT4lBLCSxKFjRJEzFLLFstfrL-JsqPqHz68vsZFoKkkrmCeEnva9QngZW3qUZkAIn6UH3uHCB8UnBw"}
{"level":"\u001b[34mINFO\u001b[0m","timestamp":"2023-11-11T15:50:10.8141751+03:30","msg":"REQUESR","IP":"::1","URI":"/generate","route":"/generate","method":"POST","status":200,"user agent":"Go-http-client/1.1","delay":0}
{"level":"\u001b[34mINFO\u001b[0m","timestamp":"2023-11-11T15:50:10.8588179+03:30","msg":"REQUESR","IP":"::1","URI":"/getclaims","route":"/getclaims","method":"GET","status":400,"user agent":"node","delay":0.0005985}
{"level":"\u001b[34mINFO\u001b[0m","timestamp":"2023-11-11T15:50:24.3785317+03:30","msg":"REQUESR","IP":"::1","URI":"/verify","route":"/verify","method":"GET","status":401,"user agent":"Next.js Middleware","delay":0.000659}
{"level":"\u001b[34mINFO\u001b[0m","timestamp":"2023-11-11T15:50:28.1822802+03:30","msg":"generate - user: eed6e90a-630a-42d1-8071-f61be3414af5"}
{"level":"\u001b[34mINFO\u001b[0m","timestamp":"2023-11-11T15:50:28.1822802+03:30","msg":"generate - tokenString: eyJhbGciOiJFZERTQSIsInR5cCI6IkpXVCJ9.eyJhdWQiOiJQaW5hckZyb250ZW5kIiwiZXhwIjoxNjk5NzkxNjI4LCJpYXQiOjE2OTk3MDUyMjgsImlzcyI6IlBpbmF0Snd0U2VydmljZSIsIm5hbWUiOiJzaW5hIGFmc2hhcm1hbmVzaCIsIm5iZiI6MTY5OTcwNTIyOCwicm9sZSI6Im5vbmUiLCJzdWIiOiJlZWQ2ZTkwYS02MzBhLTQyZDEtODA3MS1mNjFiZTM0MTRhZjUifQ.0XIBvgaOaBbsNSyPcXVMBrR8wzPejCqyYm5wxV6zLHxlPfn7k3m_ws2ta_A3JTWmttFNEyyI1shNzSTeTOkrCg"}
{"level":"\u001b[34mINFO\u001b[0m","timestamp":"2023-11-11T15:50:28.1822802+03:30","msg":"REQUESR","IP":"::1","URI":"/generate","route":"/generate","method":"POST","status":200,"user agent":"Go-http-client/1.1","delay":0}
{"level":"\u001b[34mINFO\u001b[0m","timestamp":"2023-11-11T15:50:28.7279722+03:30","msg":"REQUESR","IP":"::1","URI":"/verify","route":"/verify","method":"GET","status":401,"user agent":"Next.js Middleware","delay":0.001}
{"level":"\u001b[34mINFO\u001b[0m","timestamp":"2023-11-11T15:50:28.7589471+03:30","msg":"REQUESR","IP":"::1","URI":"/verify","route":"/verify","method":"GET","status":401,"user agent":"Next.js Middleware","delay":0.0007671}
{"level":"\u001b[34mINFO\u001b[0m","timestamp":"2023-11-11T15:51:21.0251188+03:30","msg":"REQUESR","IP":"::1","URI":"/verify","route":"/verify","method":"GET","status":401,"user agent":"Next.js Middleware","delay":0.0074474}
{"level":"\u001b[34mINFO\u001b[0m","timestamp":"2023-11-11T15:51:56.1554016+03:30","msg":"REQUESR","IP":"::1","URI":"/verify","route":"/verify","method":"GET","status":401,"user agent":"Next.js Middleware","delay":0.0000428}
{"level":"\u001b[34mINFO\u001b[0m","timestamp":"2023-11-11T15:52:38.0408882+03:30","msg":"REQUESR","IP":"::1","URI":"/verify","route":"/verify","method":"GET","status":401,"user agent":"Next.js Middleware","delay":0.000637}
{"level":"\u001b[34mINFO\u001b[0m","timestamp":"2023-11-11T15:53:05.5022585+03:30","msg":"REQUESR","IP":"::1","URI":"/verify","route":"/verify","method":"GET","status":401,"user agent":"Next.js Middleware","delay":0.0001759}
{"level":"\u001b[34mINFO\u001b[0m","timestamp":"2023-11-11T15:53:08.6533923+03:30","msg":"REQUESR","IP":"::1","URI":"/verify","route":"/verify","method":"GET","status":401,"user agent":"Next.js Middleware","delay":0}
{"level":"\u001b[34mINFO\u001b[0m","timestamp":"2023-11-11T15:53:36.7401629+03:30","msg":"REQUESR","IP":"::1","URI":"/verify","route":"/verify","method":"GET","status":401,"user agent":"Next.js Middleware","delay":0.0070006}
{"level":"\u001b[34mINFO\u001b[0m","timestamp":"2023-11-11T15:53:48.4723942+03:30","msg":"REQUESR","IP":"::1","URI":"/verify","route":"/verify","method":"GET","status":401,"user agent":"Next.js Middleware","delay":0.0008148}
{"level":"\u001b[34mINFO\u001b[0m","timestamp":"2023-11-11T15:54:35.1243295+03:30","msg":"generate - user: eed6e90a-630a-42d1-8071-f61be3414af5"}
{"level":"\u001b[34mINFO\u001b[0m","timestamp":"2023-11-11T15:54:35.124483+03:30","msg":"generate - tokenString: eyJhbGciOiJFZERTQSIsInR5cCI6IkpXVCJ9.eyJhdWQiOiJQaW5hckZyb250ZW5kIiwiZXhwIjoxNjk5NzkxODc1LCJpYXQiOjE2OTk3MDU0NzUsImlzcyI6IlBpbmF0Snd0U2VydmljZSIsIm5hbWUiOiJzaW5hIGFmc2hhcm1hbmVzaCIsIm5iZiI6MTY5OTcwNTQ3NSwicm9sZSI6Im5vbmUiLCJzdWIiOiJlZWQ2ZTkwYS02MzBhLTQyZDEtODA3MS1mNjFiZTM0MTRhZjUifQ.GX2f4-MYD1FIOPKpCxj8P337W5hmBopFL0L4t_m4X6Gush2hU-iLeCONbNLY0PTZHub2PFkA4a0SFCDYnHNPAQ"}
{"level":"\u001b[34mINFO\u001b[0m","timestamp":"2023-11-11T15:54:35.124483+03:30","msg":"REQUESR","IP":"::1","URI":"/generate","route":"/generate","method":"POST","status":200,"user agent":"Go-http-client/1.1","delay":0.0001535}
{"level":"\u001b[34mINFO\u001b[0m","timestamp":"2023-11-11T15:54:35.6651594+03:30","msg":"REQUESR","IP":"::1","URI":"/verify","route":"/verify","method":"GET","status":401,"user agent":"Next.js Middleware","delay":0.0015577}
{"level":"\u001b[34mINFO\u001b[0m","timestamp":"2023-11-11T15:54:35.7179749+03:30","msg":"REQUESR","IP":"::1","URI":"/verify","route":"/verify","method":"GET","status":401,"user agent":"Next.js Middleware","delay":0.0004907}
{"level":"\u001b[34mINFO\u001b[0m","timestamp":"2023-11-11T15:56:11.6627613+03:30","msg":"generate - user: eed6e90a-630a-42d1-8071-f61be3414af5"}
{"level":"\u001b[34mINFO\u001b[0m","timestamp":"2023-11-11T15:56:11.6627613+03:30","msg":"generate - tokenString: eyJhbGciOiJFZERTQSIsInR5cCI6IkpXVCJ9.eyJhdWQiOiJQaW5hckZyb250ZW5kIiwiZXhwIjoxNjk5NzkxOTcxLCJpYXQiOjE2OTk3MDU1NzEsImlzcyI6IlBpbmF0Snd0U2VydmljZSIsIm5hbWUiOiJzaW5hIGFmc2hhcm1hbmVzaCIsIm5iZiI6MTY5OTcwNTU3MSwicm9sZSI6Im5vbmUiLCJzdWIiOiJlZWQ2ZTkwYS02MzBhLTQyZDEtODA3MS1mNjFiZTM0MTRhZjUifQ.3yd6eetrerVDJOxgezklbC62fcBJ3CrVMxKDM5VZUMYa6je53vk8Y7fPFw66qnE5VgOf4NuTzZmyr3y6QAp4Aw"}
{"level":"\u001b[34mINFO\u001b[0m","timestamp":"2023-11-11T15:56:11.6627613+03:30","msg":"REQUESR","IP":"::1","URI":"/generate","route":"/generate","method":"POST","status":200,"user agent":"Go-http-client/1.1","delay":0}
{"level":"\u001b[34mINFO\u001b[0m","timestamp":"2023-11-11T15:56:12.2186388+03:30","msg":"REQUESR","IP":"::1","URI":"/verify","route":"/verify","method":"GET","status":401,"user agent":"Next.js Middleware","delay":0.0010016}
{"level":"\u001b[34mINFO\u001b[0m","timestamp":"2023-11-11T15:56:12.2506941+03:30","msg":"REQUESR","IP":"::1","URI":"/verify","route":"/verify","method":"GET","status":401,"user agent":"Next.js Middleware","delay":0.0000538}
{"level":"\u001b[34mINFO\u001b[0m","timestamp":"2023-11-11T15:56:35.8073211+03:30","msg":"generate - user: eed6e90a-630a-42d1-8071-f61be3414af5"}
{"level":"\u001b[34mINFO\u001b[0m","timestamp":"2023-11-11T15:56:35.8080722+03:30","msg":"generate - tokenString: eyJhbGciOiJFZERTQSIsInR5cCI6IkpXVCJ9.eyJhdWQiOiJQaW5hckZyb250ZW5kIiwiZXhwIjoxNjk5NzkxOTk1LCJpYXQiOjE2OTk3MDU1OTUsImlzcyI6IlBpbmF0Snd0U2VydmljZSIsIm5hbWUiOiJzaW5hIGFmc2hhcm1hbmVzaCIsIm5iZiI6MTY5OTcwNTU5NSwicm9sZSI6Im5vbmUiLCJzdWIiOiJlZWQ2ZTkwYS02MzBhLTQyZDEtODA3MS1mNjFiZTM0MTRhZjUifQ.vwa7cjpufKyw0R1sqdZYLpBmGZiH0-zIdQjfjS7QkCScLpg0vMvCKnaIlxHtOzl8A0PtuzMxFyR7yQF3f7anDg"}
{"level":"\u001b[34mINFO\u001b[0m","timestamp":"2023-11-11T15:56:35.8085846+03:30","msg":"REQUESR","IP":"::1","URI":"/generate","route":"/generate","method":"POST","status":200,"user agent":"Go-http-client/1.1","delay":0.0012635}
{"level":"\u001b[34mINFO\u001b[0m","timestamp":"2023-11-11T15:57:12.1322847+03:30","msg":"REQUESR","IP":"::1","URI":"/verify","route":"/verify","method":"GET","status":401,"user agent":"Next.js Middleware","delay":0.000884}
{"level":"\u001b[34mINFO\u001b[0m","timestamp":"2023-11-11T15:59:12.2861975+03:30","msg":"generate - user: eed6e90a-630a-42d1-8071-f61be3414af5"}
{"level":"\u001b[34mINFO\u001b[0m","timestamp":"2023-11-11T15:59:12.2865798+03:30","msg":"generate - tokenString: eyJhbGciOiJFZERTQSIsInR5cCI6IkpXVCJ9.eyJhdWQiOiJQaW5hckZyb250ZW5kIiwiZXhwIjoxNjk5NzkyMTUyLCJpYXQiOjE2OTk3MDU3NTIsImlzcyI6IlBpbmF0Snd0U2VydmljZSIsIm5hbWUiOiJzaW5hIGFmc2hhcm1hbmVzaCIsIm5iZiI6MTY5OTcwNTc1Miwicm9sZSI6Im5vbmUiLCJzdWIiOiJlZWQ2ZTkwYS02MzBhLTQyZDEtODA3MS1mNjFiZTM0MTRhZjUifQ.qRs267V5FlaAGjsb6P5LLNSvIvWURvhVMit8As_oYTAn5YImoFCaSoZ9Uv8TjY-_Zy_eYkovtBRtnctm7GZwAA"}
{"level":"\u001b[34mINFO\u001b[0m","timestamp":"2023-11-11T15:59:12.2865798+03:30","msg":"REQUESR","IP":"::1","URI":"/generate","route":"/generate","method":"POST","status":200,"user agent":"Go-http-client/1.1","delay":0.0003823}
{"level":"\u001b[34mINFO\u001b[0m","timestamp":"2023-11-11T15:59:12.9059037+03:30","msg":"REQUESR","IP":"::1","URI":"/verify","route":"/verify","method":"GET","status":401,"user agent":"Next.js Middleware","delay":0.0277551}
{"level":"\u001b[34mINFO\u001b[0m","timestamp":"2023-11-11T15:59:12.9554993+03:30","msg":"REQUESR","IP":"::1","URI":"/verify","route":"/verify","method":"GET","status":401,"user agent":"Next.js Middleware","delay":0.000337}
{"level":"\u001b[34mINFO\u001b[0m","timestamp":"2023-11-11T15:59:56.4428134+03:30","msg":"REQUESR","IP":"::1","URI":"/verify","route":"/verify","method":"GET","status":401,"user agent":"Next.js Middleware","delay":0.0010015}
{"level":"\u001b[34mINFO\u001b[0m","timestamp":"2023-11-11T15:59:59.0015858+03:30","msg":"REQUESR","IP":"::1","URI":"/verify","route":"/verify","method":"GET","status":401,"user agent":"Next.js Middleware","delay":0.0005827}
{"level":"\u001b[34mINFO\u001b[0m","timestamp":"2023-11-11T15:59:59.0547019+03:30","msg":"REQUESR","IP":"::1","URI":"/verify","route":"/verify","method":"GET","status":401,"user agent":"Next.js Middleware","delay":0.0000604}
{"level":"\u001b[34mINFO\u001b[0m","timestamp":"2023-11-11T15:59:59.1153187+03:30","msg":"REQUESR","IP":"::1","URI":"/verify","route":"/verify","method":"GET","status":401,"user agent":"Next.js Middleware","delay":0.0005753}
{"level":"\u001b[34mINFO\u001b[0m","timestamp":"2023-11-11T16:00:05.9506891+03:30","msg":"REQUESR","IP":"::1","URI":"/verify","route":"/verify","method":"GET","status":401,"user agent":"Next.js Middleware","delay":0}
{"level":"\u001b[34mINFO\u001b[0m","timestamp":"2023-11-11T16:00:06.3089286+03:30","msg":"REQUESR","IP":"::1","URI":"/verify","route":"/verify","method":"GET","status":401,"user agent":"Next.js Middleware","delay":0.000238}
{"level":"\u001b[34mINFO\u001b[0m","timestamp":"2023-11-11T16:00:13.3957138+03:30","msg":"generate - user: eed6e90a-630a-42d1-8071-f61be3414af5"}
{"level":"\u001b[34mINFO\u001b[0m","timestamp":"2023-11-11T16:00:13.3960972+03:30","msg":"generate - tokenString: eyJhbGciOiJFZERTQSIsInR5cCI6IkpXVCJ9.eyJhdWQiOiJQaW5hckZyb250ZW5kIiwiZXhwIjoxNjk5NzkyMjEzLCJpYXQiOjE2OTk3MDU4MTMsImlzcyI6IlBpbmF0Snd0U2VydmljZSIsIm5hbWUiOiJzaW5hIGFmc2hhcm1hbmVzaCIsIm5iZiI6MTY5OTcwNTgxMywicm9sZSI6Im5vbmUiLCJzdWIiOiJlZWQ2ZTkwYS02MzBhLTQyZDEtODA3MS1mNjFiZTM0MTRhZjUifQ.nivsZwg691fkceOqxkwfD3boyjiU1_96iOWhWhBz5rQ82FvTQEm0G7YUBwJm5hdEhzDZRHP4jP6nIcZIoUirCg"}
{"level":"\u001b[34mINFO\u001b[0m","timestamp":"2023-11-11T16:00:13.3960972+03:30","msg":"REQUESR","IP":"::1","URI":"/generate","route":"/generate","method":"POST","status":200,"user agent":"Go-http-client/1.1","delay":0.0003834}
{"level":"\u001b[34mINFO\u001b[0m","timestamp":"2023-11-11T16:00:13.9243441+03:30","msg":"REQUESR","IP":"::1","URI":"/verify","route":"/verify","method":"GET","status":401,"user agent":"Next.js Middleware","delay":0.0007372}
{"level":"\u001b[34mINFO\u001b[0m","timestamp":"2023-11-11T16:00:13.9500939+03:30","msg":"REQUESR","IP":"::1","URI":"/verify","route":"/verify","method":"GET","status":401,"user agent":"Next.js Middleware","delay":0.0007118}
{"level":"\u001b[34mINFO\u001b[0m","timestamp":"2023-11-11T16:01:04.0271689+03:30","msg":"REQUESR","IP":"::1","URI":"/verify","route":"/verify","method":"GET","status":401,"user agent":"Next.js Middleware","delay":0.0009985}
{"level":"\u001b[34mINFO\u001b[0m","timestamp":"2023-11-11T16:01:08.2870415+03:30","msg":"REQUESR","IP":"::1","URI":"/verify","route":"/verify","method":"GET","status":401,"user agent":"Next.js Middleware","delay":0.0007908}
{"level":"\u001b[34mINFO\u001b[0m","timestamp":"2023-11-11T16:01:43.9117185+03:30","msg":"REQUESR","IP":"::1","URI":"/verify","route":"/verify","method":"GET","status":401,"user agent":"Next.js Middleware","delay":0.0008216}
{"level":"\u001b[34mINFO\u001b[0m","timestamp":"2023-11-11T16:02:35.6667905+03:30","msg":"REQUESR","IP":"::1","URI":"/verify","route":"/verify","method":"GET","status":401,"user agent":"Next.js Middleware","delay":0.0021242}
{"level":"\u001b[34mINFO\u001b[0m","timestamp":"2023-11-11T16:03:24.3365333+03:30","msg":"REQUESR","IP":"::1","URI":"/verify","route":"/verify","method":"GET","status":401,"user agent":"Next.js Middleware","delay":0.000184}
{"level":"\u001b[34mINFO\u001b[0m","timestamp":"2023-11-11T16:03:29.112581+03:30","msg":"REQUESR","IP":"::1","URI":"/verify","route":"/verify","method":"GET","status":401,"user agent":"Next.js Middleware","delay":0.0002446}
{"level":"\u001b[34mINFO\u001b[0m","timestamp":"2023-11-11T16:04:22.1446797+03:30","msg":"generate - user: eed6e90a-630a-42d1-8071-f61be3414af5"}
{"level":"\u001b[34mINFO\u001b[0m","timestamp":"2023-11-11T16:04:22.1451794+03:30","msg":"generate - tokenString: eyJhbGciOiJFZERTQSIsInR5cCI6IkpXVCJ9.eyJhdWQiOiJQaW5hckZyb250ZW5kIiwiZXhwIjoxNjk5NzkyNDYyLCJpYXQiOjE2OTk3MDYwNjIsImlzcyI6IlBpbmF0Snd0U2VydmljZSIsIm5hbWUiOiJzaW5hIGFmc2hhcm1hbmVzaCIsIm5iZiI6MTY5OTcwNjA2Miwicm9sZSI6Im5vbmUiLCJzdWIiOiJlZWQ2ZTkwYS02MzBhLTQyZDEtODA3MS1mNjFiZTM0MTRhZjUifQ.YL9eUV7OJREw3SRYXdg5RCI4I26mKSKeXZxsrhegDY598P_E4eUNzd_iNjP4Jfo7DP6KkU2t7rPURM88QHMPBA"}
{"level":"\u001b[34mINFO\u001b[0m","timestamp":"2023-11-11T16:04:22.1451794+03:30","msg":"REQUESR","IP":"::1","URI":"/generate","route":"/generate","method":"POST","status":200,"user agent":"Go-http-client/1.1","delay":0.0004997}
{"level":"\u001b[34mINFO\u001b[0m","timestamp":"2023-11-11T16:04:22.204502+03:30","msg":"REQUESR","IP":"::1","URI":"/getclaims","route":"/getclaims","method":"GET","status":400,"user agent":"node","delay":0.000329}
{"level":"\u001b[34mINFO\u001b[0m","timestamp":"2023-11-11T16:27:53.7413842+03:30","msg":"generate - user: eed6e90a-630a-42d1-8071-f61be3414af5"}
{"level":"\u001b[34mINFO\u001b[0m","timestamp":"2023-11-11T16:27:58.5558489+03:30","msg":"generate - tokenString: eyJhbGciOiJFZERTQSIsInR5cCI6IkpXVCJ9.eyJhdWQiOiJQaW5hckZyb250ZW5kIiwiZXhwIjoxNjk5NzkzODczLCJpYXQiOjE2OTk3MDc0NzMsImlzcyI6IlBpbmF0Snd0U2VydmljZSIsIm5hbWUiOiJzaW5hIGFmc2hhcm1hbmVzaCIsIm5iZiI6MTY5OTcwNzQ3Mywicm9sZSI6Im5vbmUiLCJzdWIiOiJlZWQ2ZTkwYS02MzBhLTQyZDEtODA3MS1mNjFiZTM0MTRhZjUifQ.6z0kEWucCjWVSV__O07G1r4Uk7wJFd1G-as_EjeLEQ7wZmDHbu9PoSyX3MoMD26YVs663WHKAGKoRkcZDp7GDw"}
{"level":"\u001b[34mINFO\u001b[0m","timestamp":"2023-11-11T16:27:58.5650683+03:30","msg":"REQUESR","IP":"::1","URI":"/generate","route":"/generate","method":"POST","status":200,"user agent":"Go-http-client/1.1","delay":7.653387}
{"level":"\u001b[34mINFO\u001b[0m","timestamp":"2023-11-11T16:29:22.8839347+03:30","msg":"REQUESR","IP":"::1","URI":"/getclaims","route":"/getclaims","method":"GET","status":400,"user agent":"node","delay":65.8162715}
{"level":"\u001b[34mINFO\u001b[0m","timestamp":"2023-11-11T16:57:22.3934116+03:30","msg":"generate - user: eed6e90a-630a-42d1-8071-f61be3414af5"}
{"level":"\u001b[34mINFO\u001b[0m","timestamp":"2023-11-11T16:57:22.8720866+03:30","msg":"generate - tokenString: eyJhbGciOiJFZERTQSIsInR5cCI6IkpXVCJ9.eyJhdWQiOiJQaW5hckZyb250ZW5kIiwiZXhwIjoxNjk5Nzk1NjQyLCJpYXQiOjE2OTk3MDkyNDIsImlzcyI6IlBpbmF0Snd0U2VydmljZSIsIm5hbWUiOiJzaW5hIGFmc2hhcm1hbmVzaCIsIm5iZiI6MTY5OTcwOTI0Miwicm9sZSI6Im5vbmUiLCJzdWIiOiJlZWQ2ZTkwYS02MzBhLTQyZDEtODA3MS1mNjFiZTM0MTRhZjUifQ.B3YQ44S08sR-dguMsjzuTkTWwXHAek0hn96UcVPxv86Ugov4KAH1iBbnwKx9Swn8SScGBV4zOfUCuy8RP8uiAA"}
{"level":"\u001b[34mINFO\u001b[0m","timestamp":"2023-11-11T16:57:22.8726269+03:30","msg":"REQUESR","IP":"::1","URI":"/generate","route":"/generate","method":"POST","status":200,"user agent":"Go-http-client/1.1","delay":1.7512084}
{"level":"\u001b[34mINFO\u001b[0m","timestamp":"2023-11-11T16:57:28.5770502+03:30","msg":"GetClaims - token \"eyJhbGciOiJFZERTQSIsInR5cCI6IkpXVCJ9.eyJhdWQiOiJQaW5hckZyb250ZW5kIiwiZXhwIjoxNjk5Nzk1NjQyLCJpYXQiOjE2OTk3MDkyNDIsImlzcyI6IlBpbmF0Snd0U2VydmljZSIsIm5hbWUiOiJzaW5hIGFmc2hhcm1hbmVzaCIsIm5iZiI6MTY5OTcwOTI0Miwicm9sZSI6Im5vbmUiLCJzdWIiOiJlZWQ2ZTkwYS02MzBhLTQyZDEtODA3MS1mNjFiZTM0MTRhZjUifQ.B3YQ44S08sR-dguMsjzuTkTWwXHAek0hn96UcVPxv86Ugov4KAH1iBbnwKx9Swn8SScGBV4zOfUCuy8RP8uiAA\""}
{"level":"\u001b[34mINFO\u001b[0m","timestamp":"2023-11-11T16:59:27.9135562+03:30","msg":"REQUESR","IP":"::1","URI":"/getclaims","route":"/getclaims","method":"GET","status":400,"user agent":"node","delay":122.7992065}
{"level":"\u001b[34mINFO\u001b[0m","timestamp":"2023-11-11T17:00:10.4261029+03:30","msg":"generate - user: eed6e90a-630a-42d1-8071-f61be3414af5"}
{"level":"\u001b[34mINFO\u001b[0m","timestamp":"2023-11-11T17:00:10.9526753+03:30","msg":"generate - tokenString: eyJhbGciOiJFZERTQSIsInR5cCI6IkpXVCJ9.eyJhdWQiOiJQaW5hckZyb250ZW5kIiwiZXhwIjoxNjk5Nzk1ODEwLCJpYXQiOjE2OTk3MDk0MTAsImlzcyI6IlBpbmF0Snd0U2VydmljZSIsIm5hbWUiOiJzaW5hIGFmc2hhcm1hbmVzaCIsIm5iZiI6MTY5OTcwOTQxMCwicm9sZSI6Im5vbmUiLCJzdWIiOiJlZWQ2ZTkwYS02MzBhLTQyZDEtODA3MS1mNjFiZTM0MTRhZjUifQ.wrJbezW1YC4HHEIWtRSmCbjY1X8xD2YVLzyd70K5cjQbUXSf3swEDrVtXzTveCQC9TY1Kn6ZY9yNHgWuQrKNCQ"}
{"level":"\u001b[34mINFO\u001b[0m","timestamp":"2023-11-11T17:00:10.9526753+03:30","msg":"REQUESR","IP":"::1","URI":"/generate","route":"/generate","method":"POST","status":200,"user agent":"Go-http-client/1.1","delay":1.8221103}
{"level":"\u001b[34mINFO\u001b[0m","timestamp":"2023-11-11T17:08:40.8889064+03:30","msg":"GetClaims - token \"eyJhbGciOiJFZERTQSIsInR5cCI6IkpXVCJ9.eyJhdWQiOiJQaW5hckZyb250ZW5kIiwiZXhwIjoxNjk5Nzk1ODEwLCJpYXQiOjE2OTk3MDk0MTAsImlzcyI6IlBpbmF0Snd0U2VydmljZSIsIm5hbWUiOiJzaW5hIGFmc2hhcm1hbmVzaCIsIm5iZiI6MTY5OTcwOTQxMCwicm9sZSI6Im5vbmUiLCJzdWIiOiJlZWQ2ZTkwYS02MzBhLTQyZDEtODA3MS1mNjFiZTM0MTRhZjUifQ.wrJbezW1YC4HHEIWtRSmCbjY1X8xD2YVLzyd70K5cjQbUXSf3swEDrVtXzTveCQC9TY1Kn6ZY9yNHgWuQrKNCQ\""}
{"level":"\u001b[34mINFO\u001b[0m","timestamp":"2023-11-11T17:08:44.3607129+03:30","msg":"REQUESR","IP":"::1","URI":"/getclaims","route":"/getclaims","method":"GET","status":400,"user agent":"node","delay":511.8690619}
{"level":"\u001b[34mINFO\u001b[0m","timestamp":"2023-11-11T17:08:44.3607129+03:30","msg":"generate - user: eed6e90a-630a-42d1-8071-f61be3414af5"}
{"level":"\u001b[34mINFO\u001b[0m","timestamp":"2023-11-11T17:08:46.3132855+03:30","msg":"generate - tokenString: eyJhbGciOiJFZERTQSIsInR5cCI6IkpXVCJ9.eyJhdWQiOiJQaW5hckZyb250ZW5kIiwiZXhwIjoxNjk5Nzk2MzI0LCJpYXQiOjE2OTk3MDk5MjQsImlzcyI6IlBpbmF0Snd0U2VydmljZSIsIm5hbWUiOiJzaW5hIGFmc2hhcm1hbmVzaCIsIm5iZiI6MTY5OTcwOTkyNCwicm9sZSI6Im5vbmUiLCJzdWIiOiJlZWQ2ZTkwYS02MzBhLTQyZDEtODA3MS1mNjFiZTM0MTRhZjUifQ.PRSCo7MmxlZWdc7wH1bdr-4RtPg7_553sm7eLg0JC01YYrYvNftTJOOYU4_XmMczxhg024TSqt43ViLrCp5xAw"}
{"level":"\u001b[34mINFO\u001b[0m","timestamp":"2023-11-11T17:08:46.3132855+03:30","msg":"REQUESR","IP":"::1","URI":"/generate","route":"/generate","method":"POST","status":200,"user agent":"Go-http-client/1.1","delay":4.4003695}
{"level":"\u001b[34mINFO\u001b[0m","timestamp":"2023-11-11T17:22:22.8758219+03:30","msg":"generate - user: eed6e90a-630a-42d1-8071-f61be3414af5"}
{"level":"\u001b[34mINFO\u001b[0m","timestamp":"2023-11-11T17:22:30.8316734+03:30","msg":"generate - tokenString: eyJhbGciOiJFZERTQSIsInR5cCI6IkpXVCJ9.eyJhdWQiOiJQaW5hckZyb250ZW5kIiwiZXhwIjoxNjk5Nzk3MTQyLCJpYXQiOjE2OTk3MTA3NDIsImlzcyI6IlBpbmF0Snd0U2VydmljZSIsIm5hbWUiOiJzaW5hIGFmc2hhcm1hbmVzaCIsIm5iZiI6MTY5OTcxMDc0Miwicm9sZSI6Im5vbmUiLCJzdWIiOiJlZWQ2ZTkwYS02MzBhLTQyZDEtODA3MS1mNjFiZTM0MTRhZjUifQ.j5GG1IQ2KHrO8KqSAlq31rkcTQJWiZDA-gMU-eTLC1h-gMyWPVRP9aq8oTyNsIIsvBf1eKaHONnvluGo6fHoAw"}
{"level":"\u001b[34mINFO\u001b[0m","timestamp":"2023-11-11T17:22:30.8322103+03:30","msg":"REQUESR","IP":"::1","URI":"/generate","route":"/generate","method":"POST","status":200,"user agent":"Go-http-client/1.1","delay":14.8766163}
{"level":"\u001b[34mINFO\u001b[0m","timestamp":"2023-11-11T17:24:54.040266+03:30","msg":"generate - user: eed6e90a-630a-42d1-8071-f61be3414af5"}
{"level":"\u001b[34mINFO\u001b[0m","timestamp":"2023-11-11T17:24:55.31649+03:30","msg":"generate - tokenString: eyJhbGciOiJFZERTQSIsInR5cCI6IkpXVCJ9.eyJhdWQiOiJQaW5hckZyb250ZW5kIiwiZXhwIjoxNjk5Nzk3Mjk0LCJpYXQiOjE2OTk3MTA4OTQsImlzcyI6IlBpbmF0Snd0U2VydmljZSIsIm5hbWUiOiJzaW5hIGFmc2hhcm1hbmVzaCIsIm5iZiI6MTY5OTcxMDg5NCwicm9sZSI6Im5vbmUiLCJzdWIiOiJlZWQ2ZTkwYS02MzBhLTQyZDEtODA3MS1mNjFiZTM0MTRhZjUifQ.vPtnCFlJaypfbiVjV7hxUYJD9ZEgsyKXXcxGu9vxFB-eNcWjdKCadGpPS9e7wH7QToy3Ymt1L9IZgFDzG0AlBQ"}
{"level":"\u001b[34mINFO\u001b[0m","timestamp":"2023-11-11T17:24:55.31649+03:30","msg":"REQUESR","IP":"::1","URI":"/generate","route":"/generate","method":"POST","status":200,"user agent":"Go-http-client/1.1","delay":9.8466704}
{"level":"\u001b[34mINFO\u001b[0m","timestamp":"2023-11-11T17:26:55.6826803+03:30","msg":"generate - user: eed6e90a-630a-42d1-8071-f61be3414af5"}
{"level":"\u001b[34mINFO\u001b[0m","timestamp":"2023-11-11T17:26:56.9838701+03:30","msg":"generate - tokenString: eyJhbGciOiJFZERTQSIsInR5cCI6IkpXVCJ9.eyJhdWQiOiJQaW5hckZyb250ZW5kIiwiZXhwIjoxNjk5Nzk3NDE1LCJpYXQiOjE2OTk3MTEwMTUsImlzcyI6IlBpbmF0Snd0U2VydmljZSIsIm5hbWUiOiJzaW5hIGFmc2hhcm1hbmVzaCIsIm5iZiI6MTY5OTcxMTAxNSwicm9sZSI6Im5vbmUiLCJzdWIiOiJlZWQ2ZTkwYS02MzBhLTQyZDEtODA3MS1mNjFiZTM0MTRhZjUifQ.uwqKgoHugHJLjPmXL_B8eKUbbOFnZxRVHYpyTiEuq-AtIM8nn6d2y4R7kb-6ns7dduBCrSW1at21fehgEV4qAQ"}
{"level":"\u001b[34mINFO\u001b[0m","timestamp":"2023-11-11T17:26:56.9838701+03:30","msg":"REQUESR","IP":"::1","URI":"/generate","route":"/generate","method":"POST","status":200,"user agent":"Go-http-client/1.1","delay":14.2280241}
{"level":"\u001b[34mINFO\u001b[0m","timestamp":"2023-11-11T17:28:18.9318863+03:30","msg":"generate - user: eed6e90a-630a-42d1-8071-f61be3414af5"}
{"level":"\u001b[34mINFO\u001b[0m","timestamp":"2023-11-11T17:28:21.4063948+03:30","msg":"generate - tokenString: eyJhbGciOiJFZERTQSIsInR5cCI6IkpXVCJ9.eyJhdWQiOiJQaW5hckZyb250ZW5kIiwiZXhwIjoxNjk5Nzk3NDk4LCJpYXQiOjE2OTk3MTEwOTgsImlzcyI6IlBpbmF0Snd0U2VydmljZSIsIm5hbWUiOiJzaW5hIGFmc2hhcm1hbmVzaCIsIm5iZiI6MTY5OTcxMTA5OCwicm9sZSI6Im5vbmUiLCJzdWIiOiJlZWQ2ZTkwYS02MzBhLTQyZDEtODA3MS1mNjFiZTM0MTRhZjUifQ.L1sZ5XyljHLrVxJQz4T7eS1MPypstWKSR3iM8G5PiOnIW0lIgK0JgUN41wL7Wf7S8fZ0w8o39P7SDTzzEZ5xBA"}
{"level":"\u001b[34mINFO\u001b[0m","timestamp":"2023-11-11T17:28:21.4063948+03:30","msg":"REQUESR","IP":"::1","URI":"/generate","route":"/generate","method":"POST","status":200,"user agent":"Go-http-client/1.1","delay":7.6296691}
{"level":"\u001b[34mINFO\u001b[0m","timestamp":"2023-11-11T17:30:45.2491859+03:30","msg":"generate - user: eed6e90a-630a-42d1-8071-f61be3414af5"}
{"level":"\u001b[34mINFO\u001b[0m","timestamp":"2023-11-11T17:30:48.781442+03:30","msg":"generate - tokenString: eyJhbGciOiJFZERTQSIsInR5cCI6IkpXVCJ9.eyJhdWQiOiJQaW5hckZyb250ZW5kIiwiZXhwIjoxNjk5Nzk3NjQ1LCJpYXQiOjE2OTk3MTEyNDUsImlzcyI6IlBpbmF0Snd0U2VydmljZSIsIm5hbWUiOiJzaW5hIGFmc2hhcm1hbmVzaCIsIm5iZiI6MTY5OTcxMTI0NSwicm9sZSI6Im5vbmUiLCJzdWIiOiJlZWQ2ZTkwYS02MzBhLTQyZDEtODA3MS1mNjFiZTM0MTRhZjUifQ.BAh-9iYY2sV7TYG1EhZ9QB3kLik-YOt7Rm83YxYJSnYBQbNtsZkGUUwkQ1hKF_yJksTvkCJ04VL9ZMw7zeHyDg"}
{"level":"\u001b[34mINFO\u001b[0m","timestamp":"2023-11-11T17:30:48.781442+03:30","msg":"REQUESR","IP":"::1","URI":"/generate","route":"/generate","method":"POST","status":200,"user agent":"Go-http-client/1.1","delay":7.9269436}
{"level":"\u001b[34mINFO\u001b[0m","timestamp":"2023-11-11T17:34:33.697042+03:30","msg":"generate - user: eed6e90a-630a-42d1-8071-f61be3414af5"}
{"level":"\u001b[34mINFO\u001b[0m","timestamp":"2023-11-11T17:34:35.631789+03:30","msg":"generate - tokenString: eyJhbGciOiJFZERTQSIsInR5cCI6IkpXVCJ9.eyJhdWQiOiJQaW5hckZyb250ZW5kIiwiZXhwIjoxNjk5Nzk3ODczLCJpYXQiOjE2OTk3MTE0NzMsImlzcyI6IlBpbmF0Snd0U2VydmljZSIsIm5hbWUiOiJzaW5hIGFmc2hhcm1hbmVzaCIsIm5iZiI6MTY5OTcxMTQ3Mywicm9sZSI6Im5vbmUiLCJzdWIiOiJlZWQ2ZTkwYS02MzBhLTQyZDEtODA3MS1mNjFiZTM0MTRhZjUifQ.lMFGMOZboAPRjROYJ9fvUx7TJv8jJ2C_gwRcnwDUdQZB_6Hh03mxvXF6uUkzcGmgBSs-uqNryCpRjBON4UEkDg"}
{"level":"\u001b[34mINFO\u001b[0m","timestamp":"2023-11-11T17:34:35.631789+03:30","msg":"REQUESR","IP":"::1","URI":"/generate","route":"/generate","method":"POST","status":200,"user agent":"Go-http-client/1.1","delay":8.1775778}
{"level":"\u001b[34mINFO\u001b[0m","timestamp":"2023-11-11T17:34:43.0963283+03:30","msg":"GetClaims - token eyJhbGciOiJFZERTQSIsInR5cCI6IkpXVCJ9.eyJhdWQiOiJQaW5hckZyb250ZW5kIiwiZXhwIjoxNjk5Nzk3ODczLCJpYXQiOjE2OTk3MTE0NzMsImlzcyI6IlBpbmF0Snd0U2VydmljZSIsIm5hbWUiOiJzaW5hIGFmc2hhcm1hbmVzaCIsIm5iZiI6MTY5OTcxMTQ3Mywicm9sZSI6Im5vbmUiLCJzdWIiOiJlZWQ2ZTkwYS02MzBhLTQyZDEtODA3MS1mNjFiZTM0MTRhZjUifQ.lMFGMOZboAPRjROYJ9fvUx7TJv8jJ2C_gwRcnwDUdQZB_6Hh03mxvXF6uUkzcGmgBSs-uqNryCpRjBON4UEkDg"}
{"level":"\u001b[34mINFO\u001b[0m","timestamp":"2023-11-11T17:34:46.3497703+03:30","msg":"REQUESR","IP":"::1","URI":"/getclaims","route":"/getclaims","method":"GET","status":400,"user agent":"node","delay":10.7002044}
{"level":"\u001b[34mINFO\u001b[0m","timestamp":"2023-11-12T10:21:46.1713427+03:30","msg":"generate - user: eed6e90a-630a-42d1-8071-f61be3414af5"}
{"level":"\u001b[34mINFO\u001b[0m","timestamp":"2023-11-12T10:21:46.5873406+03:30","msg":"generate - tokenString: eyJhbGciOiJFZERTQSIsInR5cCI6IkpXVCJ9.eyJhdWQiOiJQaW5hckZyb250ZW5kIiwiZXhwIjoxNjk5ODU4MzA2LCJpYXQiOjE2OTk3NzE5MDYsImlzcyI6IlBpbmF0Snd0U2VydmljZSIsIm5hbWUiOiJzaW5hIGFmc2hhcm1hbmVzaCIsIm5iZiI6MTY5OTc3MTkwNiwicm9sZSI6Im5vbmUiLCJzdWIiOiJlZWQ2ZTkwYS02MzBhLTQyZDEtODA3MS1mNjFiZTM0MTRhZjUifQ.bGE7sim4sFllQFcIIxeuKz8PpTQCFKZOuOLvLjM-1bbGy6ktEnCVkie9tArJlzHCgYVl1rrH9Ie4l6d5IUn8AA"}
{"level":"\u001b[34mINFO\u001b[0m","timestamp":"2023-11-12T10:21:46.5873406+03:30","msg":"REQUESR","IP":"::1","URI":"/generate","route":"/generate","method":"POST","status":200,"user agent":"Go-http-client/1.1","delay":6.6758811}
{"level":"\u001b[34mINFO\u001b[0m","timestamp":"2023-11-12T10:22:14.5470035+03:30","msg":"GetClaims - token eyJhbGciOiJFZERTQSIsInR5cCI6IkpXVCJ9.eyJhdWQiOiJQaW5hckZyb250ZW5kIiwiZXhwIjoxNjk5ODU4MzA2LCJpYXQiOjE2OTk3NzE5MDYsImlzcyI6IlBpbmF0Snd0U2VydmljZSIsIm5hbWUiOiJzaW5hIGFmc2hhcm1hbmVzaCIsIm5iZiI6MTY5OTc3MTkwNiwicm9sZSI6Im5vbmUiLCJzdWIiOiJlZWQ2ZTkwYS02MzBhLTQyZDEtODA3MS1mNjFiZTM0MTRhZjUifQ.bGE7sim4sFllQFcIIxeuKz8PpTQCFKZOuOLvLjM-1bbGy6ktEnCVkie9tArJlzHCgYVl1rrH9Ie4l6d5IUn8AA"}
{"level":"\u001b[34mINFO\u001b[0m","timestamp":"2023-11-12T10:25:56.3415774+03:30","msg":"generate - user: eed6e90a-630a-42d1-8071-f61be3414af5"}
{"level":"\u001b[34mINFO\u001b[0m","timestamp":"2023-11-12T10:25:57.7299178+03:30","msg":"generate - tokenString: eyJhbGciOiJFZERTQSIsInR5cCI6IkpXVCJ9.eyJhdWQiOiJQaW5hckZyb250ZW5kIiwiZXhwIjoxNjk5ODU4NTU2LCJpYXQiOjE2OTk3NzIxNTYsImlzcyI6IlBpbmFySnd0U2VydmljZSIsIm5hbWUiOiJzaW5hIGFmc2hhcm1hbmVzaCIsIm5iZiI6MTY5OTc3MjE1Niwicm9sZSI6Im5vbmUiLCJzdWIiOiJlZWQ2ZTkwYS02MzBhLTQyZDEtODA3MS1mNjFiZTM0MTRhZjUifQ.dKs-X7M2jSNK1G5CC4n4RYh65HCbI7j40RLCkJzozno-ccreL_TJUj9IJSvY4XzVaEt1mh9jnuV7F3VtkBzKCw"}
{"level":"\u001b[34mINFO\u001b[0m","timestamp":"2023-11-12T10:25:57.7304678+03:30","msg":"REQUESR","IP":"::1","URI":"/generate","route":"/generate","method":"POST","status":200,"user agent":"Go-http-client/1.1","delay":4.9139659}
{"level":"\u001b[34mINFO\u001b[0m","timestamp":"2023-11-12T10:26:01.4977918+03:30","msg":"GetClaims - token eyJhbGciOiJFZERTQSIsInR5cCI6IkpXVCJ9.eyJhdWQiOiJQaW5hckZyb250ZW5kIiwiZXhwIjoxNjk5ODU4NTU2LCJpYXQiOjE2OTk3NzIxNTYsImlzcyI6IlBpbmFySnd0U2VydmljZSIsIm5hbWUiOiJzaW5hIGFmc2hhcm1hbmVzaCIsIm5iZiI6MTY5OTc3MjE1Niwicm9sZSI6Im5vbmUiLCJzdWIiOiJlZWQ2ZTkwYS02MzBhLTQyZDEtODA3MS1mNjFiZTM0MTRhZjUifQ.dKs-X7M2jSNK1G5CC4n4RYh65HCbI7j40RLCkJzozno-ccreL_TJUj9IJSvY4XzVaEt1mh9jnuV7F3VtkBzKCw"}
{"level":"\u001b[34mINFO\u001b[0m","timestamp":"2023-11-12T10:26:07.8992348+03:30","msg":"REQUESR","IP":"::1","URI":"/getclaims","route":"/getclaims","method":"GET","status":400,"user agent":"node","delay":10.1525346}
{"level":"\u001b[34mINFO\u001b[0m","timestamp":"2023-11-12T10:38:42.4744343+03:30","msg":"generate - user: eed6e90a-630a-42d1-8071-f61be3414af5"}
{"level":"\u001b[34mINFO\u001b[0m","timestamp":"2023-11-12T10:38:42.9277215+03:30","msg":"generate - tokenString: eyJhbGciOiJFZERTQSIsInR5cCI6IkpXVCJ9.eyJhdWQiOiJQaW5hckZyb250ZW5kIiwiZXhwIjoxNjk5ODU5MzIyLCJpYXQiOjE2OTk3NzI5MjIsImlzcyI6IlBpbmFySnd0U2VydmljZSIsIm5hbWUiOiJzaW5hIGFmc2hhcm1hbmVzaCIsIm5iZiI6MTY5OTc3MjkyMiwicm9sZSI6Im5vbmUiLCJzdWIiOiJlZWQ2ZTkwYS02MzBhLTQyZDEtODA3MS1mNjFiZTM0MTRhZjUifQ.3j_m630hKGAuszOwBHYMuDT88KqxSl-Tx2rKfSPv-FjundIcIj_oit7x-WU4eWMWUzE-EVJi5hKAIHygTIpgDw"}
{"level":"\u001b[34mINFO\u001b[0m","timestamp":"2023-11-12T10:38:42.9277215+03:30","msg":"REQUESR","IP":"::1","URI":"/generate","route":"/generate","method":"POST","status":200,"user agent":"Go-http-client/1.1","delay":4.0741314}
{"level":"\u001b[34mINFO\u001b[0m","timestamp":"2023-11-12T10:38:45.5235493+03:30","msg":"GetClaims - token eyJhbGciOiJFZERTQSIsInR5cCI6IkpXVCJ9.eyJhdWQiOiJQaW5hckZyb250ZW5kIiwiZXhwIjoxNjk5ODU5MzIyLCJpYXQiOjE2OTk3NzI5MjIsImlzcyI6IlBpbmFySnd0U2VydmljZSIsIm5hbWUiOiJzaW5hIGFmc2hhcm1hbmVzaCIsIm5iZiI6MTY5OTc3MjkyMiwicm9sZSI6Im5vbmUiLCJzdWIiOiJlZWQ2ZTkwYS02MzBhLTQyZDEtODA3MS1mNjFiZTM0MTRhZjUifQ.3j_m630hKGAuszOwBHYMuDT88KqxSl-Tx2rKfSPv-FjundIcIj_oit7x-WU4eWMWUzE-EVJi5hKAIHygTIpgDw"}
{"level":"\u001b[34mINFO\u001b[0m","timestamp":"2023-11-12T10:38:52.1380172+03:30","msg":"REQUESR","IP":"::1","URI":"/getclaims","route":"/getclaims","method":"GET","status":200,"user agent":"node","delay":9.1987765}
{"level":"\u001b[34mINFO\u001b[0m","timestamp":"2023-11-12T10:39:59.0894305+03:30","msg":"generate - user: eed6e90a-630a-42d1-8071-f61be3414af5"}
{"level":"\u001b[34mINFO\u001b[0m","timestamp":"2023-11-12T10:39:59.0899666+03:30","msg":"generate - tokenString: eyJhbGciOiJFZERTQSIsInR5cCI6IkpXVCJ9.eyJhdWQiOiJQaW5hckZyb250ZW5kIiwiZXhwIjoxNjk5ODU5Mzk5LCJpYXQiOjE2OTk3NzI5OTksImlzcyI6IlBpbmF0Snd0U2VydmljZSIsIm5hbWUiOiJzaW5hIGFmc2hhcm1hbmVzaCIsIm5iZiI6MTY5OTc3Mjk5OSwicm9sZSI6Im5vbmUiLCJzdWIiOiJlZWQ2ZTkwYS02MzBhLTQyZDEtODA3MS1mNjFiZTM0MTRhZjUifQ.WjRR4jtQmtgc3O49xy2GKiVtTAL2l2Quf8y7WMEyRQMWO-uMTIs4ONuJkx5KNCOqfrSjJOFsUf4NuJ0BfLXDDw"}
{"level":"\u001b[34mINFO\u001b[0m","timestamp":"2023-11-12T10:39:59.0899666+03:30","msg":"REQUESR","IP":"::1","URI":"/generate","route":"/generate","method":"POST","status":200,"user agent":"Go-http-client/1.1","delay":0.0011926}
{"level":"\u001b[34mINFO\u001b[0m","timestamp":"2023-11-12T10:39:59.1049385+03:30","msg":"REQUESR","IP":"::1","URI":"/getclaims","route":"/getclaims","method":"GET","status":200,"user agent":"node","delay":0.0003569}
{"level":"\u001b[34mINFO\u001b[0m","timestamp":"2023-11-12T10:40:07.6156965+03:30","msg":"generate - user: eed6e90a-630a-42d1-8071-f61be3414af5"}
{"level":"\u001b[34mINFO\u001b[0m","timestamp":"2023-11-12T10:40:07.6156965+03:30","msg":"generate - tokenString: eyJhbGciOiJFZERTQSIsInR5cCI6IkpXVCJ9.eyJhdWQiOiJQaW5hckZyb250ZW5kIiwiZXhwIjoxNjk5ODU5NDA3LCJpYXQiOjE2OTk3NzMwMDcsImlzcyI6IlBpbmF0Snd0U2VydmljZSIsIm5hbWUiOiJzaW5hIGFmc2hhcm1hbmVzaCIsIm5iZiI6MTY5OTc3MzAwNywicm9sZSI6Im5vbmUiLCJzdWIiOiJlZWQ2ZTkwYS02MzBhLTQyZDEtODA3MS1mNjFiZTM0MTRhZjUifQ.BlgKO2-CKP3QuFPYTKdVLat0v1fibU5andCxpSGx2XeuXL23bEAfBBhKECNPxHM6MuCWBm15l9p_qJUh2XfXCw"}
{"level":"\u001b[34mINFO\u001b[0m","timestamp":"2023-11-12T10:40:07.6156965+03:30","msg":"REQUESR","IP":"::1","URI":"/generate","route":"/generate","method":"POST","status":200,"user agent":"Go-http-client/1.1","delay":0}
{"level":"\u001b[34mINFO\u001b[0m","timestamp":"2023-11-12T10:40:07.6294352+03:30","msg":"REQUESR","IP":"::1","URI":"/getclaims","route":"/getclaims","method":"GET","status":200,"user agent":"node","delay":0.0008676}
{"level":"\u001b[34mINFO\u001b[0m","timestamp":"2023-11-12T10:40:26.9391992+03:30","msg":"generate - user: eed6e90a-630a-42d1-8071-f61be3414af5"}
{"level":"\u001b[34mINFO\u001b[0m","timestamp":"2023-11-12T10:40:26.9394363+03:30","msg":"generate - tokenString: eyJhbGciOiJFZERTQSIsInR5cCI6IkpXVCJ9.eyJhdWQiOiJQaW5hckZyb250ZW5kIiwiZXhwIjoxNjk5ODU5NDI2LCJpYXQiOjE2OTk3NzMwMjYsImlzcyI6IlBpbmF0Snd0U2VydmljZSIsIm5hbWUiOiJzaW5hIGFmc2hhcm1hbmVzaCIsIm5iZiI6MTY5OTc3MzAyNiwicm9sZSI6Im5vbmUiLCJzdWIiOiJlZWQ2ZTkwYS02MzBhLTQyZDEtODA3MS1mNjFiZTM0MTRhZjUifQ.vjiSX6f-w0J97bXkJ0VA7pDT-GxYCVwViS1IBDQF9vL3BlJZZp50VkBOQaJngYpmgn2e2ZrV6SIzLvPATikcDQ"}
{"level":"\u001b[34mINFO\u001b[0m","timestamp":"2023-11-12T10:40:26.9394363+03:30","msg":"REQUESR","IP":"::1","URI":"/generate","route":"/generate","method":"POST","status":200,"user agent":"Go-http-client/1.1","delay":0.0002371}
{"level":"\u001b[34mINFO\u001b[0m","timestamp":"2023-11-12T10:40:26.9537904+03:30","msg":"REQUESR","IP":"::1","URI":"/getclaims","route":"/getclaims","method":"GET","status":200,"user agent":"node","delay":0}
{"level":"\u001b[34mINFO\u001b[0m","timestamp":"2023-11-12T10:45:34.1532839+03:30","msg":"generate - user: eed6e90a-630a-42d1-8071-f61be3414af5"}
{"level":"\u001b[34mINFO\u001b[0m","timestamp":"2023-11-12T10:45:39.3360515+03:30","msg":"generate - tokenString: eyJhbGciOiJFZERTQSIsInR5cCI6IkpXVCJ9.eyJhdWQiOiJQaW5hckZyb250ZW5kIiwiZXhwIjoxNjk5ODU5NzM0LCJpYXQiOjE2OTk3NzMzMzQsImlzcyI6IlBpbmFySnd0U2VydmljZSIsIm5hbWUiOiJzaW5hIGFmc2hhcm1hbmVzaCIsIm5iZiI6MTY5OTc3MzMzNCwicm9sZSI6Im5vbmUiLCJzdWIiOiJlZWQ2ZTkwYS02MzBhLTQyZDEtODA3MS1mNjFiZTM0MTRhZjUifQ.5efYbtT9ZXBo8f9dVteUvBFn1f60D4ZELI4HGGsnL-h_j1Vxy9OgSENTYVAJ00n-yRUptenHfvHdcF169GOuBg"}
{"level":"\u001b[34mINFO\u001b[0m","timestamp":"2023-11-12T10:45:39.3360515+03:30","msg":"REQUESR","IP":"::1","URI":"/generate","route":"/generate","method":"POST","status":200,"user agent":"Go-http-client/1.1","delay":11.217743}
{"level":"\u001b[34mINFO\u001b[0m","timestamp":"2023-11-12T10:45:43.3672054+03:30","msg":"GetClaims - token eyJhbGciOiJFZERTQSIsInR5cCI6IkpXVCJ9.eyJhdWQiOiJQaW5hckZyb250ZW5kIiwiZXhwIjoxNjk5ODU5NzM0LCJpYXQiOjE2OTk3NzMzMzQsImlzcyI6IlBpbmFySnd0U2VydmljZSIsIm5hbWUiOiJzaW5hIGFmc2hhcm1hbmVzaCIsIm5iZiI6MTY5OTc3MzMzNCwicm9sZSI6Im5vbmUiLCJzdWIiOiJlZWQ2ZTkwYS02MzBhLTQyZDEtODA3MS1mNjFiZTM0MTRhZjUifQ.5efYbtT9ZXBo8f9dVteUvBFn1f60D4ZELI4HGGsnL-h_j1Vxy9OgSENTYVAJ00n-yRUptenHfvHdcF169GOuBg"}
{"level":"\u001b[34mINFO\u001b[0m","timestamp":"2023-11-12T10:45:52.5115497+03:30","msg":"GetClaims - ID:eed6e90a-630a-42d1-8071-f61be3414af5 Name:sina afsharmanesh Role:none"}
{"level":"\u001b[34mINFO\u001b[0m","timestamp":"2023-11-12T10:45:52.5120786+03:30","msg":"REQUESR","IP":"::1","URI":"/getclaims","route":"/getclaims","method":"GET","status":200,"user agent":"node","delay":13.1629821}
{"level":"\u001b[34mINFO\u001b[0m","timestamp":"2023-11-12T10:48:35.1442829+03:30","msg":"generate - user: eed6e90a-630a-42d1-8071-f61be3414af5"}
{"level":"\u001b[34mINFO\u001b[0m","timestamp":"2023-11-12T10:48:36.8139254+03:30","msg":"generate - tokenString: eyJhbGciOiJFZERTQSIsInR5cCI6IkpXVCJ9.eyJhdWQiOiJQaW5hckZyb250ZW5kIiwiZXhwIjoxNjk5ODU5OTE1LCJpYXQiOjE2OTk3NzM1MTUsImlzcyI6IlBpbmFySnd0U2VydmljZSIsIm5hbWUiOiJzaW5hIGFmc2hhcm1hbmVzaCIsIm5iZiI6MTY5OTc3MzUxNSwicm9sZSI6Im5vbmUiLCJzdWIiOiJlZWQ2ZTkwYS02MzBhLTQyZDEtODA3MS1mNjFiZTM0MTRhZjUifQ.U5MIb91mzdjghWcc-eKxBpKORpFpDD8i6ZtZYkYcDb9mRxVyyQrVpy8yG_0OLQ6EeD9gdr2T2GRh0ycYjkebBg"}
{"level":"\u001b[34mINFO\u001b[0m","timestamp":"2023-11-12T10:48:36.8144542+03:30","msg":"REQUESR","IP":"::1","URI":"/generate","route":"/generate","method":"POST","status":200,"user agent":"Go-http-client/1.1","delay":34.8668261}
{"level":"\u001b[34mINFO\u001b[0m","timestamp":"2023-11-12T10:49:16.0082335+03:30","msg":"generate - user: eed6e90a-630a-42d1-8071-f61be3414af5"}
{"level":"\u001b[34mINFO\u001b[0m","timestamp":"2023-11-12T10:49:17.4304475+03:30","msg":"generate - tokenString: eyJhbGciOiJFZERTQSIsInR5cCI6IkpXVCJ9.eyJhdWQiOiJQaW5hckZyb250ZW5kIiwiZXhwIjoxNjk5ODU5OTU2LCJpYXQiOjE2OTk3NzM1NTYsImlzcyI6IlBpbmFySnd0U2VydmljZSIsIm5hbWUiOiJzaW5hIGFmc2hhcm1hbmVzaCIsIm5iZiI6MTY5OTc3MzU1Niwicm9sZSI6Im5vbmUiLCJzdWIiOiJlZWQ2ZTkwYS02MzBhLTQyZDEtODA3MS1mNjFiZTM0MTRhZjUifQ.Nm1HFTeZBLRk6zvBNe3gojsxepvZ1Y4-PzAJsUHjndS8ORy-cwC5EZWhJJtwpr9m9W8sp0XfGP7KmfNYlmvODg"}
{"level":"\u001b[34mINFO\u001b[0m","timestamp":"2023-11-12T10:49:17.4304475+03:30","msg":"REQUESR","IP":"::1","URI":"/generate","route":"/generate","method":"POST","status":200,"user agent":"Go-http-client/1.1","delay":7.7698065}
{"level":"\u001b[34mINFO\u001b[0m","timestamp":"2023-11-12T10:50:43.2167344+03:30","msg":"generate - user: eed6e90a-630a-42d1-8071-f61be3414af5"}
{"level":"\u001b[34mINFO\u001b[0m","timestamp":"2023-11-12T10:50:44.1273041+03:30","msg":"generate - tokenString: eyJhbGciOiJFZERTQSIsInR5cCI6IkpXVCJ9.eyJhdWQiOiJQaW5hckZyb250ZW5kIiwiZXhwIjoxNjk5ODYwMDQzLCJpYXQiOjE2OTk3NzM2NDMsImlzcyI6IlBpbmFySnd0U2VydmljZSIsIm5hbWUiOiJzaW5hIGFmc2hhcm1hbmVzaCIsIm5iZiI6MTY5OTc3MzY0Mywicm9sZSI6Im5vbmUiLCJzdWIiOiJlZWQ2ZTkwYS02MzBhLTQyZDEtODA3MS1mNjFiZTM0MTRhZjUifQ.UBRWdjXrqOCi9lffmqEENOFBnKcMpYNY1HiDsfKr5Upo7gHhtFMvQRUUEdl_IZvanwGXIpFPt4GBKfRxXdeUDw"}
{"level":"\u001b[34mINFO\u001b[0m","timestamp":"2023-11-12T10:50:44.1278099+03:30","msg":"REQUESR","IP":"::1","URI":"/generate","route":"/generate","method":"POST","status":200,"user agent":"Go-http-client/1.1","delay":6.3033165}
{"level":"\u001b[34mINFO\u001b[0m","timestamp":"2023-11-12T10:52:34.1675254+03:30","msg":"REQUESR","IP":"::1","URI":"/verify","route":"/verify","method":"GET","status":401,"user agent":"Next.js Middleware","delay":6.624169}
{"level":"\u001b[34mINFO\u001b[0m","timestamp":"2023-11-12T10:52:40.7202884+03:30","msg":"REQUESR","IP":"::1","URI":"/verify","route":"/verify","method":"GET","status":401,"user agent":"Next.js Middleware","delay":6.5225814}
{"level":"\u001b[34mINFO\u001b[0m","timestamp":"2023-11-12T10:53:03.5774441+03:30","msg":"REQUESR","IP":"::1","URI":"/verify","route":"/verify","method":"GET","status":401,"user agent":"Next.js Middleware","delay":9.2103441}
{"level":"\u001b[34mINFO\u001b[0m","timestamp":"2023-11-12T10:54:50.4105954+03:30","msg":"REQUESR","IP":"::1","URI":"/verify","route":"/verify","method":"GET","status":401,"user agent":"Next.js Middleware","delay":0.0011199}
{"level":"\u001b[34mINFO\u001b[0m","timestamp":"2023-11-12T10:54:50.4767589+03:30","msg":"generate - user: eed6e90a-630a-42d1-8071-f61be3414af5"}
{"level":"\u001b[34mINFO\u001b[0m","timestamp":"2023-11-12T10:54:50.4770511+03:30","msg":"generate - tokenString: eyJhbGciOiJFZERTQSIsInR5cCI6IkpXVCJ9.eyJhdWQiOiJQaW5hckZyb250ZW5kIiwiZXhwIjoxNjk5ODYwMjkwLCJpYXQiOjE2OTk3NzM4OTAsImlzcyI6IlBpbmFySnd0U2VydmljZSIsIm5hbWUiOiJzaW5hIGFmc2hhcm1hbmVzaCIsIm5iZiI6MTY5OTc3Mzg5MCwicm9sZSI6Im5vbmUiLCJzdWIiOiJlZWQ2ZTkwYS02MzBhLTQyZDEtODA3MS1mNjFiZTM0MTRhZjUifQ.IqNL7KlrhuLUl5SgnzQ-J_19SMXXAgOSNsEhLumGW1lhz0s81c13fKdCSqHQ0KVLv3gtPmxmFJeAmyVEqK3yBg"}
{"level":"\u001b[34mINFO\u001b[0m","timestamp":"2023-11-12T10:54:50.4770511+03:30","msg":"REQUESR","IP":"::1","URI":"/generate","route":"/generate","method":"POST","status":200,"user agent":"Go-http-client/1.1","delay":0.0008095}
{"level":"\u001b[34mINFO\u001b[0m","timestamp":"2023-11-12T10:54:50.9979523+03:30","msg":"REQUESR","IP":"::1","URI":"/verify","route":"/verify","method":"GET","status":200,"user agent":"Next.js Middleware","delay":0.0001115}
{"level":"\u001b[34mINFO\u001b[0m","timestamp":"2023-11-12T10:54:51.0033303+03:30","msg":"GetClaims - token eyJhbGciOiJFZERTQSIsInR5cCI6IkpXVCJ9.eyJhdWQiOiJQaW5hckZyb250ZW5kIiwiZXhwIjoxNjk5ODYwMjkwLCJpYXQiOjE2OTk3NzM4OTAsImlzcyI6IlBpbmFySnd0U2VydmljZSIsIm5hbWUiOiJzaW5hIGFmc2hhcm1hbmVzaCIsIm5iZiI6MTY5OTc3Mzg5MCwicm9sZSI6Im5vbmUiLCJzdWIiOiJlZWQ2ZTkwYS02MzBhLTQyZDEtODA3MS1mNjFiZTM0MTRhZjUifQ.IqNL7KlrhuLUl5SgnzQ-J_19SMXXAgOSNsEhLumGW1lhz0s81c13fKdCSqHQ0KVLv3gtPmxmFJeAmyVEqK3yBg"}
{"level":"\u001b[34mINFO\u001b[0m","timestamp":"2023-11-12T10:54:51.0039987+03:30","msg":"GetClaims - ID:eed6e90a-630a-42d1-8071-f61be3414af5 Name:sina afsharmanesh Role:none"}
{"level":"\u001b[34mINFO\u001b[0m","timestamp":"2023-11-12T10:54:51.0039987+03:30","msg":"REQUESR","IP":"::1","URI":"/getclaims","route":"/getclaims","method":"GET","status":200,"user agent":"Next.js Middleware","delay":0.0006684}
{"level":"\u001b[34mINFO\u001b[0m","timestamp":"2023-11-12T10:54:52.53915+03:30","msg":"REQUESR","IP":"::1","URI":"/verify","route":"/verify","method":"GET","status":200,"user agent":"Next.js Middleware","delay":0.0008225}
{"level":"\u001b[34mINFO\u001b[0m","timestamp":"2023-11-12T10:54:52.5453282+03:30","msg":"GetClaims - token eyJhbGciOiJFZERTQSIsInR5cCI6IkpXVCJ9.eyJhdWQiOiJQaW5hckZyb250ZW5kIiwiZXhwIjoxNjk5ODYwMjkwLCJpYXQiOjE2OTk3NzM4OTAsImlzcyI6IlBpbmFySnd0U2VydmljZSIsIm5hbWUiOiJzaW5hIGFmc2hhcm1hbmVzaCIsIm5iZiI6MTY5OTc3Mzg5MCwicm9sZSI6Im5vbmUiLCJzdWIiOiJlZWQ2ZTkwYS02MzBhLTQyZDEtODA3MS1mNjFiZTM0MTRhZjUifQ.IqNL7KlrhuLUl5SgnzQ-J_19SMXXAgOSNsEhLumGW1lhz0s81c13fKdCSqHQ0KVLv3gtPmxmFJeAmyVEqK3yBg"}
{"level":"\u001b[34mINFO\u001b[0m","timestamp":"2023-11-12T10:54:52.5463267+03:30","msg":"GetClaims - ID:eed6e90a-630a-42d1-8071-f61be3414af5 Name:sina afsharmanesh Role:none"}
{"level":"\u001b[34mINFO\u001b[0m","timestamp":"2023-11-12T10:54:52.5463267+03:30","msg":"REQUESR","IP":"::1","URI":"/getclaims","route":"/getclaims","method":"GET","status":200,"user agent":"Next.js Middleware","delay":0.0009985}
{"level":"\u001b[34mINFO\u001b[0m","timestamp":"2023-11-12T10:55:01.7835079+03:30","msg":"REQUESR","IP":"::1","URI":"/verify","route":"/verify","method":"GET","status":200,"user agent":"Next.js Middleware","delay":0.0005971}
{"level":"\u001b[34mINFO\u001b[0m","timestamp":"2023-11-12T10:55:01.7934812+03:30","msg":"GetClaims - token eyJhbGciOiJFZERTQSIsInR5cCI6IkpXVCJ9.eyJhdWQiOiJQaW5hckZyb250ZW5kIiwiZXhwIjoxNjk5ODYwMjkwLCJpYXQiOjE2OTk3NzM4OTAsImlzcyI6IlBpbmFySnd0U2VydmljZSIsIm5hbWUiOiJzaW5hIGFmc2hhcm1hbmVzaCIsIm5iZiI6MTY5OTc3Mzg5MCwicm9sZSI6Im5vbmUiLCJzdWIiOiJlZWQ2ZTkwYS02MzBhLTQyZDEtODA3MS1mNjFiZTM0MTRhZjUifQ.IqNL7KlrhuLUl5SgnzQ-J_19SMXXAgOSNsEhLumGW1lhz0s81c13fKdCSqHQ0KVLv3gtPmxmFJeAmyVEqK3yBg"}
{"level":"\u001b[34mINFO\u001b[0m","timestamp":"2023-11-12T10:55:01.7948495+03:30","msg":"GetClaims - ID:eed6e90a-630a-42d1-8071-f61be3414af5 Name:sina afsharmanesh Role:none"}
{"level":"\u001b[34mINFO\u001b[0m","timestamp":"2023-11-12T10:55:01.7948495+03:30","msg":"REQUESR","IP":"::1","URI":"/getclaims","route":"/getclaims","method":"GET","status":200,"user agent":"Next.js Middleware","delay":0.0013683}
{"level":"\u001b[34mINFO\u001b[0m","timestamp":"2023-11-12T11:15:08.6307294+03:30","msg":"REQUESR","IP":"::1","URI":"/verify","route":"/verify","method":"GET","status":200,"user agent":"Next.js Middleware","delay":0.0009979}
{"level":"\u001b[34mINFO\u001b[0m","timestamp":"2023-11-12T11:15:08.6538135+03:30","msg":"GetClaims - token eyJhbGciOiJFZERTQSIsInR5cCI6IkpXVCJ9.eyJhdWQiOiJQaW5hckZyb250ZW5kIiwiZXhwIjoxNjk5ODYwMjkwLCJpYXQiOjE2OTk3NzM4OTAsImlzcyI6IlBpbmFySnd0U2VydmljZSIsIm5hbWUiOiJzaW5hIGFmc2hhcm1hbmVzaCIsIm5iZiI6MTY5OTc3Mzg5MCwicm9sZSI6Im5vbmUiLCJzdWIiOiJlZWQ2ZTkwYS02MzBhLTQyZDEtODA3MS1mNjFiZTM0MTRhZjUifQ.IqNL7KlrhuLUl5SgnzQ-J_19SMXXAgOSNsEhLumGW1lhz0s81c13fKdCSqHQ0KVLv3gtPmxmFJeAmyVEqK3yBg"}
{"level":"\u001b[34mINFO\u001b[0m","timestamp":"2023-11-12T11:15:08.6642693+03:30","msg":"GetClaims - ID:eed6e90a-630a-42d1-8071-f61be3414af5 Name:sina afsharmanesh Role:none"}
{"level":"\u001b[34mINFO\u001b[0m","timestamp":"2023-11-12T11:15:08.6649092+03:30","msg":"REQUESR","IP":"::1","URI":"/getclaims","route":"/getclaims","method":"GET","status":200,"user agent":"Next.js Middleware","delay":0.0110958}
{"level":"\u001b[34mINFO\u001b[0m","timestamp":"2023-11-12T11:15:39.3551928+03:30","msg":"REQUESR","IP":"::1","URI":"/verify","route":"/verify","method":"GET","status":200,"user agent":"Next.js Middleware","delay":0.0005412}
{"level":"\u001b[34mINFO\u001b[0m","timestamp":"2023-11-12T11:15:39.3680544+03:30","msg":"GetClaims - token eyJhbGciOiJFZERTQSIsInR5cCI6IkpXVCJ9.eyJhdWQiOiJQaW5hckZyb250ZW5kIiwiZXhwIjoxNjk5ODYwMjkwLCJpYXQiOjE2OTk3NzM4OTAsImlzcyI6IlBpbmFySnd0U2VydmljZSIsIm5hbWUiOiJzaW5hIGFmc2hhcm1hbmVzaCIsIm5iZiI6MTY5OTc3Mzg5MCwicm9sZSI6Im5vbmUiLCJzdWIiOiJlZWQ2ZTkwYS02MzBhLTQyZDEtODA3MS1mNjFiZTM0MTRhZjUifQ.IqNL7KlrhuLUl5SgnzQ-J_19SMXXAgOSNsEhLumGW1lhz0s81c13fKdCSqHQ0KVLv3gtPmxmFJeAmyVEqK3yBg"}
{"level":"\u001b[34mINFO\u001b[0m","timestamp":"2023-11-12T11:15:39.368652+03:30","msg":"GetClaims - ID:eed6e90a-630a-42d1-8071-f61be3414af5 Name:sina afsharmanesh Role:none"}
{"level":"\u001b[34mINFO\u001b[0m","timestamp":"2023-11-12T11:15:39.368652+03:30","msg":"REQUESR","IP":"::1","URI":"/getclaims","route":"/getclaims","method":"GET","status":200,"user agent":"Next.js Middleware","delay":0.0005976}
{"level":"\u001b[34mINFO\u001b[0m","timestamp":"2023-11-12T11:16:31.6442655+03:30","msg":"REQUESR","IP":"::1","URI":"/verify","route":"/verify","method":"GET","status":200,"user agent":"Next.js Middleware","delay":0.0002227}
{"level":"\u001b[34mINFO\u001b[0m","timestamp":"2023-11-12T11:16:31.6500936+03:30","msg":"GetClaims - token eyJhbGciOiJFZERTQSIsInR5cCI6IkpXVCJ9.eyJhdWQiOiJQaW5hckZyb250ZW5kIiwiZXhwIjoxNjk5ODYwMjkwLCJpYXQiOjE2OTk3NzM4OTAsImlzcyI6IlBpbmFySnd0U2VydmljZSIsIm5hbWUiOiJzaW5hIGFmc2hhcm1hbmVzaCIsIm5iZiI6MTY5OTc3Mzg5MCwicm9sZSI6Im5vbmUiLCJzdWIiOiJlZWQ2ZTkwYS02MzBhLTQyZDEtODA3MS1mNjFiZTM0MTRhZjUifQ.IqNL7KlrhuLUl5SgnzQ-J_19SMXXAgOSNsEhLumGW1lhz0s81c13fKdCSqHQ0KVLv3gtPmxmFJeAmyVEqK3yBg"}
{"level":"\u001b[34mINFO\u001b[0m","timestamp":"2023-11-12T11:16:31.6507179+03:30","msg":"GetClaims - ID:eed6e90a-630a-42d1-8071-f61be3414af5 Name:sina afsharmanesh Role:none"}
{"level":"\u001b[34mINFO\u001b[0m","timestamp":"2023-11-12T11:16:31.6507179+03:30","msg":"REQUESR","IP":"::1","URI":"/getclaims","route":"/getclaims","method":"GET","status":200,"user agent":"Next.js Middleware","delay":0.0006243}
{"level":"\u001b[34mINFO\u001b[0m","timestamp":"2023-11-12T11:16:40.6677348+03:30","msg":"REQUESR","IP":"::1","URI":"/verify","route":"/verify","method":"GET","status":200,"user agent":"Next.js Middleware","delay":0}
{"level":"\u001b[34mINFO\u001b[0m","timestamp":"2023-11-12T11:16:40.6764123+03:30","msg":"GetClaims - token eyJhbGciOiJFZERTQSIsInR5cCI6IkpXVCJ9.eyJhdWQiOiJQaW5hckZyb250ZW5kIiwiZXhwIjoxNjk5ODYwMjkwLCJpYXQiOjE2OTk3NzM4OTAsImlzcyI6IlBpbmFySnd0U2VydmljZSIsIm5hbWUiOiJzaW5hIGFmc2hhcm1hbmVzaCIsIm5iZiI6MTY5OTc3Mzg5MCwicm9sZSI6Im5vbmUiLCJzdWIiOiJlZWQ2ZTkwYS02MzBhLTQyZDEtODA3MS1mNjFiZTM0MTRhZjUifQ.IqNL7KlrhuLUl5SgnzQ-J_19SMXXAgOSNsEhLumGW1lhz0s81c13fKdCSqHQ0KVLv3gtPmxmFJeAmyVEqK3yBg"}
{"level":"\u001b[34mINFO\u001b[0m","timestamp":"2023-11-12T11:16:40.6768001+03:30","msg":"GetClaims - ID:eed6e90a-630a-42d1-8071-f61be3414af5 Name:sina afsharmanesh Role:none"}
{"level":"\u001b[34mINFO\u001b[0m","timestamp":"2023-11-12T11:16:40.6768001+03:30","msg":"REQUESR","IP":"::1","URI":"/getclaims","route":"/getclaims","method":"GET","status":200,"user agent":"Next.js Middleware","delay":0.0003878}
{"level":"\u001b[34mINFO\u001b[0m","timestamp":"2023-11-12T11:17:38.9439795+03:30","msg":"REQUESR","IP":"::1","URI":"/verify","route":"/verify","method":"GET","status":200,"user agent":"Next.js Middleware","delay":0}
{"level":"\u001b[34mINFO\u001b[0m","timestamp":"2023-11-12T11:17:38.9594686+03:30","msg":"GetClaims - token eyJhbGciOiJFZERTQSIsInR5cCI6IkpXVCJ9.eyJhdWQiOiJQaW5hckZyb250ZW5kIiwiZXhwIjoxNjk5ODYwMjkwLCJpYXQiOjE2OTk3NzM4OTAsImlzcyI6IlBpbmFySnd0U2VydmljZSIsIm5hbWUiOiJzaW5hIGFmc2hhcm1hbmVzaCIsIm5iZiI6MTY5OTc3Mzg5MCwicm9sZSI6Im5vbmUiLCJzdWIiOiJlZWQ2ZTkwYS02MzBhLTQyZDEtODA3MS1mNjFiZTM0MTRhZjUifQ.IqNL7KlrhuLUl5SgnzQ-J_19SMXXAgOSNsEhLumGW1lhz0s81c13fKdCSqHQ0KVLv3gtPmxmFJeAmyVEqK3yBg"}
{"level":"\u001b[34mINFO\u001b[0m","timestamp":"2023-11-12T11:17:38.9637034+03:30","msg":"GetClaims - ID:eed6e90a-630a-42d1-8071-f61be3414af5 Name:sina afsharmanesh Role:none"}
{"level":"\u001b[34mINFO\u001b[0m","timestamp":"2023-11-12T11:17:38.9640806+03:30","msg":"REQUESR","IP":"::1","URI":"/getclaims","route":"/getclaims","method":"GET","status":200,"user agent":"Next.js Middleware","delay":0.004612}
{"level":"\u001b[34mINFO\u001b[0m","timestamp":"2023-11-12T11:18:09.7099986+03:30","msg":"REQUESR","IP":"::1","URI":"/verify","route":"/verify","method":"GET","status":200,"user agent":"Next.js Middleware","delay":0.0002321}
{"level":"\u001b[34mINFO\u001b[0m","timestamp":"2023-11-12T11:18:09.7175222+03:30","msg":"GetClaims - token eyJhbGciOiJFZERTQSIsInR5cCI6IkpXVCJ9.eyJhdWQiOiJQaW5hckZyb250ZW5kIiwiZXhwIjoxNjk5ODYwMjkwLCJpYXQiOjE2OTk3NzM4OTAsImlzcyI6IlBpbmFySnd0U2VydmljZSIsIm5hbWUiOiJzaW5hIGFmc2hhcm1hbmVzaCIsIm5iZiI6MTY5OTc3Mzg5MCwicm9sZSI6Im5vbmUiLCJzdWIiOiJlZWQ2ZTkwYS02MzBhLTQyZDEtODA3MS1mNjFiZTM0MTRhZjUifQ.IqNL7KlrhuLUl5SgnzQ-J_19SMXXAgOSNsEhLumGW1lhz0s81c13fKdCSqHQ0KVLv3gtPmxmFJeAmyVEqK3yBg"}
{"level":"\u001b[34mINFO\u001b[0m","timestamp":"2023-11-12T11:18:09.7184362+03:30","msg":"GetClaims - ID:eed6e90a-630a-42d1-8071-f61be3414af5 Name:sina afsharmanesh Role:none"}
{"level":"\u001b[34mINFO\u001b[0m","timestamp":"2023-11-12T11:18:09.7184362+03:30","msg":"REQUESR","IP":"::1","URI":"/getclaims","route":"/getclaims","method":"GET","status":200,"user agent":"Next.js Middleware","delay":0.000914}
{"level":"\u001b[34mINFO\u001b[0m","timestamp":"2023-11-12T11:18:40.5943108+03:30","msg":"REQUESR","IP":"::1","URI":"/verify","route":"/verify","method":"GET","status":200,"user agent":"Next.js Middleware","delay":0.000318}
{"level":"\u001b[34mINFO\u001b[0m","timestamp":"2023-11-12T11:18:40.6075755+03:30","msg":"GetClaims - token eyJhbGciOiJFZERTQSIsInR5cCI6IkpXVCJ9.eyJhdWQiOiJQaW5hckZyb250ZW5kIiwiZXhwIjoxNjk5ODYwMjkwLCJpYXQiOjE2OTk3NzM4OTAsImlzcyI6IlBpbmFySnd0U2VydmljZSIsIm5hbWUiOiJzaW5hIGFmc2hhcm1hbmVzaCIsIm5iZiI6MTY5OTc3Mzg5MCwicm9sZSI6Im5vbmUiLCJzdWIiOiJlZWQ2ZTkwYS02MzBhLTQyZDEtODA3MS1mNjFiZTM0MTRhZjUifQ.IqNL7KlrhuLUl5SgnzQ-J_19SMXXAgOSNsEhLumGW1lhz0s81c13fKdCSqHQ0KVLv3gtPmxmFJeAmyVEqK3yBg"}
{"level":"\u001b[34mINFO\u001b[0m","timestamp":"2023-11-12T11:18:40.6083363+03:30","msg":"GetClaims - ID:eed6e90a-630a-42d1-8071-f61be3414af5 Name:sina afsharmanesh Role:none"}
{"level":"\u001b[34mINFO\u001b[0m","timestamp":"2023-11-12T11:18:40.6083363+03:30","msg":"REQUESR","IP":"::1","URI":"/getclaims","route":"/getclaims","method":"GET","status":200,"user agent":"Next.js Middleware","delay":0.0007608}
{"level":"\u001b[34mINFO\u001b[0m","timestamp":"2023-11-12T11:19:04.4915686+03:30","msg":"generate - user: eed6e90a-630a-42d1-8071-f61be3414af5"}
{"level":"\u001b[34mINFO\u001b[0m","timestamp":"2023-11-12T11:19:04.4918884+03:30","msg":"generate - tokenString: eyJhbGciOiJFZERTQSIsInR5cCI6IkpXVCJ9.eyJhdWQiOiJQaW5hckZyb250ZW5kIiwiZXhwIjoxNjk5ODYxNzQ0LCJpYXQiOjE2OTk3NzUzNDQsImlzcyI6IlBpbmFySnd0U2VydmljZSIsIm5hbWUiOiJzaW5hIGFmc2hhcm1hbmVzaCIsIm5iZiI6MTY5OTc3NTM0NCwicm9sZSI6Im5vbmUiLCJzdWIiOiJlZWQ2ZTkwYS02MzBhLTQyZDEtODA3MS1mNjFiZTM0MTRhZjUifQ.qIL5bzghcB3vAsEqC4wvjuPv65D-fYU8G2dgUIi0_CFItfTwZPnDs9pYUlRwbLwG3ULaH19ymXoHaoFeFeVLCw"}
{"level":"\u001b[34mINFO\u001b[0m","timestamp":"2023-11-12T11:19:04.4918884+03:30","msg":"REQUESR","IP":"::1","URI":"/generate","route":"/generate","method":"POST","status":200,"user agent":"Go-http-client/1.1","delay":0.0003198}
{"level":"\u001b[34mINFO\u001b[0m","timestamp":"2023-11-12T11:19:05.0257517+03:30","msg":"REQUESR","IP":"::1","URI":"/verify","route":"/verify","method":"GET","status":200,"user agent":"Next.js Middleware","delay":0.0009977}
{"level":"\u001b[34mINFO\u001b[0m","timestamp":"2023-11-12T11:19:05.0312878+03:30","msg":"GetClaims - token eyJhbGciOiJFZERTQSIsInR5cCI6IkpXVCJ9.eyJhdWQiOiJQaW5hckZyb250ZW5kIiwiZXhwIjoxNjk5ODYxNzQ0LCJpYXQiOjE2OTk3NzUzNDQsImlzcyI6IlBpbmFySnd0U2VydmljZSIsIm5hbWUiOiJzaW5hIGFmc2hhcm1hbmVzaCIsIm5iZiI6MTY5OTc3NTM0NCwicm9sZSI6Im5vbmUiLCJzdWIiOiJlZWQ2ZTkwYS02MzBhLTQyZDEtODA3MS1mNjFiZTM0MTRhZjUifQ.qIL5bzghcB3vAsEqC4wvjuPv65D-fYU8G2dgUIi0_CFItfTwZPnDs9pYUlRwbLwG3ULaH19ymXoHaoFeFeVLCw"}
{"level":"\u001b[34mINFO\u001b[0m","timestamp":"2023-11-12T11:19:05.0320385+03:30","msg":"GetClaims - ID:eed6e90a-630a-42d1-8071-f61be3414af5 Name:sina afsharmanesh Role:none"}
{"level":"\u001b[34mINFO\u001b[0m","timestamp":"2023-11-12T11:19:05.0320385+03:30","msg":"REQUESR","IP":"::1","URI":"/getclaims","route":"/getclaims","method":"GET","status":200,"user agent":"Next.js Middleware","delay":0.0007507}
{"level":"\u001b[34mINFO\u001b[0m","timestamp":"2023-11-12T11:19:10.7888311+03:30","msg":"REQUESR","IP":"::1","URI":"/verify","route":"/verify","method":"GET","status":200,"user agent":"Next.js Middleware","delay":0.0004448}
{"level":"\u001b[34mINFO\u001b[0m","timestamp":"2023-11-12T11:19:10.7935629+03:30","msg":"GetClaims - token eyJhbGciOiJFZERTQSIsInR5cCI6IkpXVCJ9.eyJhdWQiOiJQaW5hckZyb250ZW5kIiwiZXhwIjoxNjk5ODYxNzQ0LCJpYXQiOjE2OTk3NzUzNDQsImlzcyI6IlBpbmFySnd0U2VydmljZSIsIm5hbWUiOiJzaW5hIGFmc2hhcm1hbmVzaCIsIm5iZiI6MTY5OTc3NTM0NCwicm9sZSI6Im5vbmUiLCJzdWIiOiJlZWQ2ZTkwYS02MzBhLTQyZDEtODA3MS1mNjFiZTM0MTRhZjUifQ.qIL5bzghcB3vAsEqC4wvjuPv65D-fYU8G2dgUIi0_CFItfTwZPnDs9pYUlRwbLwG3ULaH19ymXoHaoFeFeVLCw"}
{"level":"\u001b[34mINFO\u001b[0m","timestamp":"2023-11-12T11:19:10.7942025+03:30","msg":"GetClaims - ID:eed6e90a-630a-42d1-8071-f61be3414af5 Name:sina afsharmanesh Role:none"}
{"level":"\u001b[34mINFO\u001b[0m","timestamp":"2023-11-12T11:19:10.7942025+03:30","msg":"REQUESR","IP":"::1","URI":"/getclaims","route":"/getclaims","method":"GET","status":200,"user agent":"Next.js Middleware","delay":0.0006396}
{"level":"\u001b[34mINFO\u001b[0m","timestamp":"2023-11-12T11:19:40.4525327+03:30","msg":"REQUESR","IP":"::1","URI":"/verify","route":"/verify","method":"GET","status":200,"user agent":"Next.js Middleware","delay":0}
{"level":"\u001b[34mINFO\u001b[0m","timestamp":"2023-11-12T11:19:40.458904+03:30","msg":"GetClaims - token eyJhbGciOiJFZERTQSIsInR5cCI6IkpXVCJ9.eyJhdWQiOiJQaW5hckZyb250ZW5kIiwiZXhwIjoxNjk5ODYxNzQ0LCJpYXQiOjE2OTk3NzUzNDQsImlzcyI6IlBpbmFySnd0U2VydmljZSIsIm5hbWUiOiJzaW5hIGFmc2hhcm1hbmVzaCIsIm5iZiI6MTY5OTc3NTM0NCwicm9sZSI6Im5vbmUiLCJzdWIiOiJlZWQ2ZTkwYS02MzBhLTQyZDEtODA3MS1mNjFiZTM0MTRhZjUifQ.qIL5bzghcB3vAsEqC4wvjuPv65D-fYU8G2dgUIi0_CFItfTwZPnDs9pYUlRwbLwG3ULaH19ymXoHaoFeFeVLCw"}
{"level":"\u001b[34mINFO\u001b[0m","timestamp":"2023-11-12T11:19:40.4594188+03:30","msg":"GetClaims - ID:eed6e90a-630a-42d1-8071-f61be3414af5 Name:sina afsharmanesh Role:none"}
{"level":"\u001b[34mINFO\u001b[0m","timestamp":"2023-11-12T11:19:40.4594188+03:30","msg":"REQUESR","IP":"::1","URI":"/getclaims","route":"/getclaims","method":"GET","status":200,"user agent":"Next.js Middleware","delay":0.0005148}
